Looking for git in: git
Using git 2.26.2 from git
> git rev-parse --show-toplevel
> git rev-parse --git-dir
Open repository: /root/HMCloud/HMCtask1
> git status -z -u
> git symbolic-ref --short HEAD
> git rev-parse master
> git rev-parse --symbolic-full-name master@{u}
> git rev-list --left-right master...refs/remotes/origin/master
> git for-each-ref --format %(refname) %(objectname) --sort -committerdate
> git remote --verbose
Failed to watch ref '/root/HMCloud/HMCtask1/.git/refs/remotes/origin/master', is most likely packed.
Error: ENOENT: no such file or directory, watch '/root/HMCloud/HMCtask1/.git/refs/remotes/origin/master'
    at FSWatcher.start (internal/fs/watchers.js:165:26)
    at Object.watch (fs.js:1270:11)
    at Object.t.watch (/usr/share/code/resources/app/extensions/git/dist/main.js:1:606597)
    at T.updateTransientWatchers (/usr/share/code/resources/app/extensions/git/dist/main.js:1:84331)
    at e.fire (/usr/share/code/resources/app/out/vs/workbench/services/extensions/node/extensionHostProcess.js:46:242)
    at e.updateModelState (/usr/share/code/resources/app/extensions/git/dist/main.js:1:103737)
    at processTicksAndRejections (internal/process/task_queues.js:85:5)
> git config --get commit.template
> git show :index.html
> git ls-files --stage -- /root/HMCloud/HMCtask1/index.html
> git cat-file -s 870e981a387c0d71db2d86f3ec2bcab5d826c6c1
> git check-ignore -v -z --stdin
> git status -z -u
> git symbolic-ref --short HEAD
> git rev-parse master
> git rev-parse --symbolic-full-name master@{u}
> git rev-list --left-right master...refs/remotes/origin/master
> git for-each-ref --format %(refname) %(objectname) --sort -committerdate
> git remote --verbose
Failed to watch ref '/root/HMCloud/HMCtask1/.git/refs/remotes/origin/master', is most likely packed.
Error: ENOENT: no such file or directory, watch '/root/HMCloud/HMCtask1/.git/refs/remotes/origin/master'
    at FSWatcher.start (internal/fs/watchers.js:165:26)
    at Object.watch (fs.js:1270:11)
    at Object.t.watch (/usr/share/code/resources/app/extensions/git/dist/main.js:1:606597)
    at T.updateTransientWatchers (/usr/share/code/resources/app/extensions/git/dist/main.js:1:84331)
    at e.fire (/usr/share/code/resources/app/out/vs/workbench/services/extensions/node/extensionHostProcess.js:46:242)
    at e.updateModelState (/usr/share/code/resources/app/extensions/git/dist/main.js:1:103737)
> git config --get commit.template
> git status -z -u
> git symbolic-ref --short HEAD
> git rev-parse master
> git rev-parse --symbolic-full-name master@{u}
> git rev-list --left-right master...refs/remotes/origin/master
> git for-each-ref --format %(refname) %(objectname) --sort -committerdate
> git remote --verbose
Failed to watch ref '/root/HMCloud/HMCtask1/.git/refs/remotes/origin/master', is most likely packed.
Error: ENOENT: no such file or directory, watch '/root/HMCloud/HMCtask1/.git/refs/remotes/origin/master'
    at FSWatcher.start (internal/fs/watchers.js:165:26)
    at Object.watch (fs.js:1270:11)
    at Object.t.watch (/usr/share/code/resources/app/extensions/git/dist/main.js:1:606597)
    at T.updateTransientWatchers (/usr/share/code/resources/app/extensions/git/dist/main.js:1:84331)
    at e.fire (/usr/share/code/resources/app/out/vs/workbench/services/extensions/node/extensionHostProcess.js:46:242)
    at e.updateModelState (/usr/share/code/resources/app/extensions/git/dist/main.js:1:103737)
> git config --get commit.template
> git status -z -u
> git symbolic-ref --short HEAD
> git rev-parse master
> git rev-parse --symbolic-full-name master@{u}
> git rev-list --left-right master...refs/remotes/origin/master
> git for-each-ref --format %(refname) %(objectname) --sort -committerdate
> git remote --verbose
Failed to watch ref '/root/HMCloud/HMCtask1/.git/refs/remotes/origin/master', is most likely packed.
Error: ENOENT: no such file or directory, watch '/root/HMCloud/HMCtask1/.git/refs/remotes/origin/master'
    at FSWatcher.start (internal/fs/watchers.js:165:26)
    at Object.watch (fs.js:1270:11)
    at Object.t.watch (/usr/share/code/resources/app/extensions/git/dist/main.js:1:606597)
    at T.updateTransientWatchers (/usr/share/code/resources/app/extensions/git/dist/main.js:1:84331)
    at e.fire (/usr/share/code/resources/app/out/vs/workbench/services/extensions/node/extensionHostProcess.js:46:242)
    at e.updateModelState (/usr/share/code/resources/app/extensions/git/dist/main.js:1:103737)
> git config --get commit.template
> git status -z -u
> git symbolic-ref --short HEAD
> git rev-parse master
> git rev-parse --symbolic-full-name master@{u}
> git rev-list --left-right master...refs/remotes/origin/master
> git for-each-ref --format %(refname) %(objectname) --sort -committerdate
> git remote --verbose
Failed to watch ref '/root/HMCloud/HMCtask1/.git/refs/remotes/origin/master', is most likely packed.
Error: ENOENT: no such file or directory, watch '/root/HMCloud/HMCtask1/.git/refs/remotes/origin/master'
    at FSWatcher.start (internal/fs/watchers.js:165:26)
    at Object.watch (fs.js:1270:11)
    at Object.t.watch (/usr/share/code/resources/app/extensions/git/dist/main.js:1:606597)
    at T.updateTransientWatchers (/usr/share/code/resources/app/extensions/git/dist/main.js:1:84331)
    at e.fire (/usr/share/code/resources/app/out/vs/workbench/services/extensions/node/extensionHostProcess.js:46:242)
    at e.updateModelState (/usr/share/code/resources/app/extensions/git/dist/main.js:1:103737)
> git config --get commit.template
> git status -z -u
> git symbolic-ref --short HEAD
> git rev-parse master
> git rev-parse --symbolic-full-name master@{u}
> git rev-list --left-right master...refs/remotes/origin/master
> git for-each-ref --format %(refname) %(objectname) --sort -committerdate
> git remote --verbose
Failed to watch ref '/root/HMCloud/HMCtask1/.git/refs/remotes/origin/master', is most likely packed.
Error: ENOENT: no such file or directory, watch '/root/HMCloud/HMCtask1/.git/refs/remotes/origin/master'
    at FSWatcher.start (internal/fs/watchers.js:165:26)
    at Object.watch (fs.js:1270:11)
    at Object.t.watch (/usr/share/code/resources/app/extensions/git/dist/main.js:1:606597)
    at T.updateTransientWatchers (/usr/share/code/resources/app/extensions/git/dist/main.js:1:84331)
    at e.fire (/usr/share/code/resources/app/out/vs/workbench/services/extensions/node/extensionHostProcess.js:46:242)
    at e.updateModelState (/usr/share/code/resources/app/extensions/git/dist/main.js:1:103737)
> git config --get commit.template
